2025-02-10 09:16:43,606 INFO o.a.j.u.JMeterUtils: Setting Locale to en_EN
2025-02-10 09:16:43,638 INFO o.a.j.JMeter: Loading user properties from: D:\ILMA LAPTOP KANTOR\Sanbercode\Jmeter\apache-jmeter-5.6.2\apache-jmeter-5.6.2\bin\user.properties
2025-02-10 09:16:43,639 INFO o.a.j.JMeter: Loading system properties from: D:\ILMA LAPTOP KANTOR\Sanbercode\Jmeter\apache-jmeter-5.6.2\apache-jmeter-5.6.2\bin\system.properties
2025-02-10 09:16:43,649 INFO o.a.j.JMeter: Copyright (c) 1998-2023 The Apache Software Foundation
2025-02-10 09:16:43,649 INFO o.a.j.JMeter: Version 5.6.2
2025-02-10 09:16:43,649 INFO o.a.j.JMeter: java.version=23.0.2
2025-02-10 09:16:43,649 INFO o.a.j.JMeter: java.vm.name=Java HotSpot(TM) 64-Bit Server VM
2025-02-10 09:16:43,649 INFO o.a.j.JMeter: os.name=Windows 11
2025-02-10 09:16:43,649 INFO o.a.j.JMeter: os.arch=amd64
2025-02-10 09:16:43,649 INFO o.a.j.JMeter: os.version=10.0
2025-02-10 09:16:43,649 INFO o.a.j.JMeter: file.encoding=UTF-8
2025-02-10 09:16:43,650 INFO o.a.j.JMeter: java.awt.headless=true
2025-02-10 09:16:43,650 INFO o.a.j.JMeter: Max memory     =1073741824
2025-02-10 09:16:43,650 INFO o.a.j.JMeter: Available Processors =8
2025-02-10 09:16:43,677 INFO o.a.j.JMeter: Default Locale=English (EN)
2025-02-10 09:16:43,678 INFO o.a.j.JMeter: JMeter  Locale=English (EN)
2025-02-10 09:16:43,678 INFO o.a.j.JMeter: JMeterHome=D:\ILMA LAPTOP KANTOR\Sanbercode\Jmeter\apache-jmeter-5.6.2\apache-jmeter-5.6.2
2025-02-10 09:16:43,678 INFO o.a.j.JMeter: user.dir  =D:\ILMA LAPTOP KANTOR\Sanbercode\Jmeter\JMeter-ContactListApp
2025-02-10 09:16:43,678 INFO o.a.j.JMeter: PWD       =D:\ILMA LAPTOP KANTOR\Sanbercode\Jmeter\JMeter-ContactListApp
2025-02-10 09:16:43,691 INFO o.a.j.JMeter: IP: 192.168.1.7 Name: IlmaQiscus FullName: IlmaQiscus
2025-02-10 09:16:43,710 INFO o.a.j.JMeter: Setting property 'jmeter.reportgenerator.outputdir' to:'D:\ILMA LAPTOP KANTOR\Sanbercode\Jmeter\JMeter-ContactListApp\report'
2025-02-10 09:16:43,716 INFO o.a.j.r.d.ReportGenerator: ReportGenerator will use for Parsing the separator: ','
2025-02-10 09:16:43,716 INFO o.a.j.r.d.ReportGenerator: Will only generate report from results file: reporting.jtl
2025-02-10 09:16:43,716 INFO o.a.j.r.d.ReportGenerator: Reading report generator properties from: D:\ILMA LAPTOP KANTOR\Sanbercode\Jmeter\apache-jmeter-5.6.2\apache-jmeter-5.6.2\bin\reportgenerator.properties
2025-02-10 09:16:43,718 INFO o.a.j.r.d.ReportGenerator: Merging with JMeter properties
2025-02-10 09:16:43,726 INFO o.a.j.r.c.ReportGeneratorConfiguration: Property 'jmeter.reportgenerator.temp_dir' not found, using default value 'temp' instead.
2025-02-10 09:16:43,730 INFO o.a.j.r.c.ReportGeneratorConfiguration: Property 'jmeter.reportgenerator.apdex_per_transaction' not found, using default value 'null' instead.
2025-02-10 09:16:43,757 INFO o.a.j.r.c.ReportGeneratorConfiguration: apdex_per_transaction is empty, not APDEX per transaction customization
2025-02-10 09:16:43,757 INFO o.a.j.r.c.ReportGeneratorConfiguration: Property 'jmeter.reportgenerator.sample_filter' not found, using default value 'null' instead.
2025-02-10 09:16:43,757 INFO o.a.j.r.c.ReportGeneratorConfiguration: Property 'jmeter.reportgenerator.report_title' not found, using default value 'null' instead.
2025-02-10 09:16:43,757 INFO o.a.j.r.c.ReportGeneratorConfiguration: Property 'jmeter.reportgenerator.start_date' not found, using default value 'null' instead.
2025-02-10 09:16:43,758 INFO o.a.j.r.c.ReportGeneratorConfiguration: Property 'jmeter.reportgenerator.end_date' not found, using default value 'null' instead.
2025-02-10 09:16:43,758 INFO o.a.j.r.c.ReportGeneratorConfiguration: Property 'jmeter.reportgenerator.date_format' not found, using default value 'null' instead.
2025-02-10 09:16:43,762 INFO o.a.j.r.c.ReportGeneratorConfiguration: Will use date range start date: null, end date: null
2025-02-10 09:16:43,768 INFO o.a.j.r.c.ReportGeneratorConfiguration: Property 'jmeter.reportgenerator.graph.totalTPS.exclude_controllers' not found, using default value 'false' instead.
2025-02-10 09:16:43,768 INFO o.a.j.r.c.ReportGeneratorConfiguration: Property 'jmeter.reportgenerator.graph.activeThreadsOverTime.exclude_controllers' not found, using default value 'false' instead.
2025-02-10 09:16:43,768 INFO o.a.j.r.c.ReportGeneratorConfiguration: Property 'jmeter.reportgenerator.graph.timeVsThreads.exclude_controllers' not found, using default value 'false' instead.
2025-02-10 09:16:43,769 INFO o.a.j.r.c.ReportGeneratorConfiguration: Property 'jmeter.reportgenerator.graph.responseTimeDistribution.exclude_controllers' not found, using default value 'false' instead.
2025-02-10 09:16:43,769 INFO o.a.j.r.c.ReportGeneratorConfiguration: Property 'jmeter.reportgenerator.graph.transactionsPerSecond.exclude_controllers' not found, using default value 'false' instead.
2025-02-10 09:16:43,769 INFO o.a.j.r.c.ReportGeneratorConfiguration: Property 'jmeter.reportgenerator.graph.responseTimePercentiles.exclude_controllers' not found, using default value 'false' instead.
2025-02-10 09:16:43,769 INFO o.a.j.r.c.ReportGeneratorConfiguration: Property 'jmeter.reportgenerator.graph.responseTimePercentilesOverTime.exclude_controllers' not found, using default value 'false' instead.
2025-02-10 09:16:43,770 INFO o.a.j.r.c.ReportGeneratorConfiguration: Property 'jmeter.reportgenerator.graph.responseTimesOverTime.exclude_controllers' not found, using default value 'false' instead.
2025-02-10 09:16:43,770 INFO o.a.j.r.c.ReportGeneratorConfiguration: Property 'jmeter.reportgenerator.graph.connectTimeOverTime.exclude_controllers' not found, using default value 'false' instead.
2025-02-10 09:16:43,771 INFO o.a.j.r.c.ReportGeneratorConfiguration: Property 'jmeter.reportgenerator.graph.latenciesOverTime.exclude_controllers' not found, using default value 'false' instead.
2025-02-10 09:16:43,772 INFO o.a.j.r.c.ReportGeneratorConfiguration: Property 'jmeter.reportgenerator.exporter.json.filters_only_sample_series' not found, using default value 'true' instead.
2025-02-10 09:16:43,772 INFO o.a.j.r.c.ReportGeneratorConfiguration: Property 'jmeter.reportgenerator.exporter.json.series_filter' not found, using default value '' instead.
2025-02-10 09:16:43,772 INFO o.a.j.r.c.ReportGeneratorConfiguration: Property 'jmeter.reportgenerator.exporter.json.show_controllers_only' not found, using default value 'false' instead.
2025-02-10 09:16:43,773 INFO o.a.j.r.c.ReportGeneratorConfiguration: Property 'jmeter.reportgenerator.exporter.html.filters_only_sample_series' not found, using default value 'true' instead.
2025-02-10 09:16:43,773 INFO o.a.j.r.c.ReportGeneratorConfiguration: Property 'jmeter.reportgenerator.exporter.html.series_filter' not found, using default value '' instead.
2025-02-10 09:16:43,773 INFO o.a.j.r.c.ReportGeneratorConfiguration: Property 'jmeter.reportgenerator.exporter.html.show_controllers_only' not found, using default value 'false' instead.
2025-02-10 09:16:44,194 INFO o.a.j.s.SaveService: Testplan (JMX) version: 2.2. Testlog (JTL) version: 2.2
2025-02-10 09:16:44,240 INFO o.a.j.s.SaveService: Using SaveService properties version 5.0
2025-02-10 09:16:44,246 INFO o.a.j.s.SaveService: Using SaveService properties file encoding UTF-8
2025-02-10 09:16:44,299 INFO o.a.j.r.p.NormalizerSampleConsumer: Using format, 'ms', to parse timeStamp field
2025-02-10 09:16:44,843 INFO o.a.j.r.p.AbstractSampleConsumer: class org.apache.jmeter.report.processor.AggregateConsumer#stopProducing(): beginDate produced 0 samples
2025-02-10 09:16:44,843 INFO o.a.j.r.p.AbstractSampleConsumer: class org.apache.jmeter.report.processor.AggregateConsumer#stopProducing(): endDate produced 0 samples
2025-02-10 09:16:44,855 INFO o.a.j.r.p.AbstractSampleConsumer: class org.apache.jmeter.report.processor.ApdexSummaryConsumer#stopProducing(): apdexSummary produced 0 samples
2025-02-10 09:16:44,856 INFO o.a.j.r.p.AbstractSampleConsumer: class org.apache.jmeter.report.processor.RequestsSummaryConsumer#stopProducing(): requestsSummary produced 0 samples
2025-02-10 09:16:44,878 INFO o.a.j.r.p.AbstractSampleConsumer: class org.apache.jmeter.report.processor.StatisticsSummaryConsumer#stopProducing(): statisticsSummary produced 0 samples
2025-02-10 09:16:44,900 INFO o.a.j.r.p.AbstractSampleConsumer: class org.apache.jmeter.report.processor.Top5ErrorsBySamplerConsumer#stopProducing(): top5ErrorsBySampler produced 0 samples
2025-02-10 09:16:44,900 INFO o.a.j.r.p.AbstractSampleConsumer: class org.apache.jmeter.report.processor.ErrorsSummaryConsumer#stopProducing(): errorsSummary produced 0 samples
2025-02-10 09:16:44,900 INFO o.a.j.r.p.AbstractSampleConsumer: class org.apache.jmeter.report.processor.graph.impl.HitsPerSecondGraphConsumer#stopProducing(): hitsPerSecond produced 0 samples
2025-02-10 09:16:45,033 INFO o.a.j.r.p.AbstractSampleConsumer: class org.apache.jmeter.report.processor.graph.impl.LatencyVSRequestGraphConsumer#stopProducing(): latencyVsRequest produced 0 samples
2025-02-10 09:16:45,036 INFO o.a.j.r.p.AbstractSampleConsumer: class org.apache.jmeter.report.processor.graph.impl.SyntheticResponseTimeDistributionGraphConsumer#stopProducing(): syntheticResponseTimeDistribution produced 0 samples
2025-02-10 09:16:45,036 INFO o.a.j.r.p.AbstractSampleConsumer: class org.apache.jmeter.report.processor.graph.impl.BytesThroughputGraphConsumer#stopProducing(): bytesThroughputOverTime produced 0 samples
2025-02-10 09:16:45,036 INFO o.a.j.r.p.AbstractSampleConsumer: class org.apache.jmeter.report.processor.graph.impl.CodesPerSecondGraphConsumer#stopProducing(): codesPerSecond produced 0 samples
2025-02-10 09:16:45,104 INFO o.a.j.r.p.AbstractSampleConsumer: class org.apache.jmeter.report.processor.graph.impl.ResponseTimeVSRequestGraphConsumer#stopProducing(): responseTimeVsRequest produced 0 samples
2025-02-10 09:16:45,105 INFO o.a.j.r.p.AbstractSampleConsumer: class org.apache.jmeter.report.processor.FilterConsumer#stopProducing(): startIntervalControlerFilter produced 28000 samples
2025-02-10 09:16:45,105 INFO o.a.j.r.p.AbstractSampleConsumer: class org.apache.jmeter.report.processor.graph.impl.TotalTPSGraphConsumer#stopProducing(): totalTPS produced 0 samples
2025-02-10 09:16:45,105 INFO o.a.j.r.p.AbstractSampleConsumer: class org.apache.jmeter.report.processor.graph.impl.ActiveThreadsGraphConsumer#stopProducing(): activeThreadsOverTime produced 0 samples
2025-02-10 09:16:45,106 INFO o.a.j.r.p.AbstractSampleConsumer: class org.apache.jmeter.report.processor.graph.impl.TimeVSThreadGraphConsumer#stopProducing(): timeVsThreads produced 0 samples
2025-02-10 09:16:47,158 INFO o.a.j.r.p.AbstractSampleConsumer: class org.apache.jmeter.report.processor.graph.impl.ResponseTimeDistributionGraphConsumer#stopProducing(): responseTimeDistribution produced 0 samples
2025-02-10 09:16:47,695 INFO o.a.j.r.p.AbstractSampleConsumer: class org.apache.jmeter.report.processor.graph.impl.TransactionsPerSecondGraphConsumer#stopProducing(): transactionsPerSecond produced 0 samples
2025-02-10 09:16:47,973 INFO o.a.j.r.p.AbstractSampleConsumer: class org.apache.jmeter.report.processor.graph.impl.ResponseTimePercentilesGraphConsumer#stopProducing(): responseTimePercentiles produced 0 samples
2025-02-10 09:16:50,380 INFO o.a.j.r.p.AbstractSampleConsumer: class org.apache.jmeter.report.processor.graph.impl.ResponseTimePercentilesOverTimeGraphConsumer#stopProducing(): responseTimePercentilesOverTime produced 0 samples
2025-02-10 09:16:50,449 INFO o.a.j.r.p.AbstractSampleConsumer: class org.apache.jmeter.report.processor.graph.impl.ResponseTimeOverTimeGraphConsumer#stopProducing(): responseTimesOverTime produced 0 samples
2025-02-10 09:16:51,926 INFO o.a.j.r.p.AbstractSampleConsumer: class org.apache.jmeter.report.processor.graph.impl.ConnectTimeOverTimeGraphConsumer#stopProducing(): connectTimeOverTime produced 0 samples
2025-02-10 09:16:52,252 INFO o.a.j.r.p.AbstractSampleConsumer: class org.apache.jmeter.report.processor.graph.impl.LatencyOverTimeGraphConsumer#stopProducing(): latenciesOverTime produced 0 samples
2025-02-10 09:16:52,502 INFO o.a.j.r.p.AbstractSampleConsumer: class org.apache.jmeter.report.processor.FilterConsumer#stopProducing(): nameFilter produced 60000 samples
2025-02-10 09:16:52,502 INFO o.a.j.r.p.AbstractSampleConsumer: class org.apache.jmeter.report.processor.FilterConsumer#stopProducing(): dateRangeFilter produced 12000 samples
2025-02-10 09:16:52,502 INFO o.a.j.r.p.AbstractSampleConsumer: class org.apache.jmeter.report.processor.NormalizerSampleConsumer#stopProducing(): normalizer produced 4000 samples
2025-02-10 09:16:52,514 INFO o.a.j.r.p.CsvFileSampleSource: produce(): 4000 samples produced in 8s 173 ms on channel 0
2025-02-10 09:16:52,515 INFO o.a.j.r.d.ReportGenerator: Exporting data using exporter:'json' of className:'org.apache.jmeter.report.dashboard.JsonExporter'
2025-02-10 09:16:52,699 INFO o.a.j.r.d.JsonExporter: Found data for consumer statisticsSummary in context
2025-02-10 09:16:52,702 INFO o.a.j.r.d.JsonExporter: Creating statistics for overall
2025-02-10 09:16:52,703 INFO o.a.j.r.d.JsonExporter: Creating statistics for other transactions
2025-02-10 09:16:52,712 INFO o.a.j.r.d.JsonExporter: Checking output folder
2025-02-10 09:16:52,712 INFO o.a.j.r.d.JsonExporter: Writing statistics JSON to D:\ILMA LAPTOP KANTOR\Sanbercode\Jmeter\JMeter-ContactListApp\report\statistics.json
2025-02-10 09:16:52,900 INFO o.a.j.r.d.ReportGenerator: Exporting data using exporter:'html' of className:'org.apache.jmeter.report.dashboard.HtmlTemplateExporter'
2025-02-10 09:16:52,904 INFO o.a.j.r.d.HtmlTemplateExporter: Will generate dashboard in folder: D:\ILMA LAPTOP KANTOR\Sanbercode\Jmeter\JMeter-ContactListApp\report
2025-02-10 09:16:59,775 INFO o.a.j.r.d.HtmlTemplateExporter: Report will be generated in: D:\ILMA LAPTOP KANTOR\Sanbercode\Jmeter\JMeter-ContactListApp\report, creating folder structure
2025-02-10 09:16:59,782 INFO o.a.j.r.d.TemplateVisitor: Copying folder from 'D:\ILMA LAPTOP KANTOR\Sanbercode\Jmeter\apache-jmeter-5.6.2\apache-jmeter-5.6.2\bin\report-template' to 'D:\ILMA LAPTOP KANTOR\Sanbercode\Jmeter\JMeter-ContactListApp\report', got message: D:\ILMA LAPTOP KANTOR\Sanbercode\Jmeter\JMeter-ContactListApp\report, found non empty folder with following content [D:\ILMA LAPTOP KANTOR\Sanbercode\Jmeter\JMeter-ContactListApp\report\statistics.json], will be ignored
